<?xml version="1.0" encoding="UTF-8"?>
<testsuite xmlns:xsi="http://www.w3.org/2001/XMLSchema-instance" xsi:noNamespaceSchemaLocation="https://maven.apache.org/surefire/maven-surefire-plugin/xsd/surefire-test-report.xsd" version="3.0.2" name="com.traveloop.backend.BackendApplicationTests" time="5.77" tests="1" errors="0" skipped="0" failures="0" flakes="0">
  <properties>
[...]
</properties>
  <testcase name="contextLoads" classname="com.traveloop.backend.BackendApplicationTests" time="0.35">
    <system-out><![CDATA[15:00:43.143 [main] INFO org.springframework.test.context.support.AnnotationConfigContextLoaderUtils -- Could not detect default configuration classes for test class [com.traveloop.backend.BackendApplicationTests]: BackendApplicationTests does not declare any static, non-private, non-final, nested classes annotated with @Configuration.
15:00:43.253 [main] INFO org.springframework.boot.test.context.SpringBootTestContextBootstrapper -- Found @SpringBootConfiguration com.traveloop.backend.BackendApplication for test class com.traveloop.backend.BackendApplicationTests
15:00:43.367 [main] INFO org.springframework.test.context.support.AnnotationConfigContextLoaderUtils -- Could not detect default configuration classes for test class [com.traveloop.backend.BackendApplicationTests]: BackendApplicationTests does not declare any static, non-private, non-final, nested classes annotated with @Configuration.
15:00:43.372 [main] INFO org.springframework.boot.test.context.SpringBootTestContextBootstrapper -- Found @SpringBootConfiguration com.traveloop.backend.BackendApplication for test class com.traveloop.backend.BackendApplicationTests

  .   ____          _            __ _ _
 /\\ / ___'_ __ _ _(_)_ __  __ _ \ \ \ \
( ( )\___ | '_ | '_| | '_ \/ _` | \ \ \ \
 \\/  ___)| |_)| | | | | || (_| |  ) ) ) )
  '  |____| .__|_| |_|_| |_\__, | / / / /
 =========|_|==============|___/=/_/_/_/

 :: Spring Boot ::       (v4.1.0-SNAPSHOT)

2026-05-10T15:00:43.694+05:30  INFO 13108 --- [backend] [           main] c.t.backend.BackendApplicationTests      : Starting BackendApplicationTests using Java 26.0.1 with PID 13108 (started by Dinesh in C:\Users\Dinesh\traveloop\backend)
2026-05-10T15:00:43.696+05:30  INFO 13108 --- [backend] [           main] c.t.backend.BackendApplicationTests      : No active profile set, falling back to 1 default profile: "default"
2026-05-10T15:00:44.453+05:30  INFO 13108 --- [backend] [           main] .s.d.r.c.RepositoryConfigurationDelegate : Bootstrapping Spring Data JPA repositories in DEFAULT mode.
2026-05-10T15:00:44.536+05:30  INFO 13108 --- [backend] [           main] .s.d.r.c.RepositoryConfigurationDelegate : Finished Spring Data repository scanning in 69 ms. Found 3 JPA repository interfaces.
2026-05-10T15:00:44.944+05:30  INFO 13108 --- [backend] [           main] org.hibernate.orm.jpa                    : HHH008540: Processing PersistenceUnitInfo [name: default]
2026-05-10T15:00:45.099+05:30  INFO 13108 --- [backend] [           main] org.hibernate.orm.core                   : HHH000001: Hibernate ORM core version 7.2.13.Final
2026-05-10T15:00:45.838+05:30  INFO 13108 --- [backend] [           main] o.s.o.j.p.SpringPersistenceUnitInfo      : No LoadTimeWeaver setup: ignoring JPA class transformer
2026-05-10T15:00:45.880+05:30  INFO 13108 --- [backend] [           main] com.zaxxer.hikari.HikariDataSource       : HikariPool-1 - Starting...
2026-05-10T15:00:46.186+05:30  INFO 13108 --- [backend] [           main] com.zaxxer.hikari.pool.HikariPool        : HikariPool-1 - Added connection com.mysql.cj.jdbc.ConnectionImpl@77ec9fdb
2026-05-10T15:00:46.188+05:30  INFO 13108 --- [backend] [           main] com.zaxxer.hikari.HikariDataSource       : HikariPool-1 - Start completed.
2026-05-10T15:00:46.262+05:30  WARN 13108 --- [backend] [           main] org.hibernate.orm.deprecation            : HHH90000025: MySQLDialect does not need to be specified explicitly using 'hibernate.dialect' (remove the property setting and it will be selected by default)
2026-05-10T15:00:46.284+05:30  INFO 13108 --- [backend] [           main] org.hibernate.orm.connections.pooling    : HHH10001005: Database info:
	Database JDBC URL [jdbc:mysql://localhost:3306/traveloop_db]
	Database driver: MySQL Connector/J
	Database dialect: MySQLDialect
	Database version: 9.3
	Default catalog/schema: traveloop_db/undefined
	Autocommit mode: undefined/unknown
	Isolation level: REPEATABLE_READ [default REPEATABLE_READ]
	JDBC fetch size: none
	Pool: DataSourceConnectionProvider
	Minimum pool size: undefined/unknown
	Maximum pool size: undefined/unknown
2026-05-10T15:00:47.122+05:30  INFO 13108 --- [backend] [           main] org.hibernate.orm.core                   : HHH000489: No JTA platform available (set 'hibernate.transaction.jta.platform' to enable JTA platform integration)
Hibernate: create table activities (id bigint not null auto_increment, activity_cost float(53) not null, activity_name varchar(255) not null, stop_id bigint not null, primary key (id)) engine=InnoDB
Hibernate: create table stops (id bigint not null auto_increment, arrival_date varchar(255) not null, city_name varchar(255) not null, departure_date varchar(255) not null, trip_id bigint not null, primary key (id)) engine=InnoDB
Hibernate: create table trips (id bigint not null auto_increment, destination varchar(255) not null, end_date varchar(255) not null, start_date varchar(255) not null, trip_name varchar(255) not null, primary key (id)) engine=InnoDB
Hibernate: alter table activities add constraint FKde80p4goghdbkf4d4djjs1hnd foreign key (stop_id) references stops (id)
Hibernate: alter table stops add constraint FKfikd8eb9gyx39tfsbgi5s4gyt foreign key (trip_id) references trips (id)
2026-05-10T15:00:47.499+05:30  INFO 13108 --- [backend] [           main] j.LocalContainerEntityManagerFactoryBean : Initialized JPA EntityManagerFactory for persistence unit 'default'
2026-05-10T15:00:47.600+05:30  INFO 13108 --- [backend] [           main] o.s.d.j.r.query.QueryEnhancerFactories   : Hibernate is in classpath; If applicable, HQL parser will be used.
2026-05-10T15:00:47.860+05:30  WARN 13108 --- [backend] [           main] JpaBaseConfiguration$JpaWebConfiguration : spring.jpa.open-in-view is enabled by default. Therefore, database queries may be performed during view rendering. Explicitly configure spring.jpa.open-in-view to disable this warning
2026-05-10T15:00:48.354+05:30  INFO 13108 --- [backend] [           main] c.t.backend.BackendApplicationTests      : Started BackendApplicationTests in 4.913 seconds (process running for 5.945)
]]></system-out>
    <system-err><![CDATA[Mockito is currently self-attaching to enable the inline-mock-maker. This will no longer work in future releases of the JDK. Please add Mockito as an agent to your build as described in Mockito's documentation: https://javadoc.io/doc/org.mockito/mockito-core/latest/org.mockito/org/mockito/Mockito.html#0.3
WARNING: A Java agent has been loaded dynamically (C:\Users\Dinesh\.m2\repository\net\bytebuddy\byte-buddy-agent\1.18.8\byte-buddy-agent-1.18.8.jar)
WARNING: If a serviceability tool is in use, please run with -XX:+EnableDynamicAgentLoading to hide this warning
WARNING: If a serviceability tool is not in use, please run with -Djdk.instrument.traceUsage for more information
WARNING: Dynamic loading of agents will be disallowed by default in a future release
]]></system-err>
  </testcase>
</testsuite>